app/build/intermediates/manifest_merge_blame_file/debug/manifest-merger-blame-debug-report.txt
1<?xml version="1.0" encoding="utf-8"?>
2<manifest xmlns:android="http://schemas.android.com/apk/res/android"
3    package="com.example.mealtracker"
4    android:versionCode="1"
5    android:versionName="1.0" >
6
7    <uses-sdk
8        android:minSdkVersion="24"
9        android:targetSdkVersion="34" />
10
11    <!-- Notification permission for Android 13+ -->
12    <uses-permission android:name="android.permission.POST_NOTIFICATIONS" />
12-->src/main/AndroidManifest.xml:6:5-76
12-->src/main/AndroidManifest.xml:6:22-74
13
14    <!-- Schedule exact alarms for precise notification timing -->
15    <uses-permission android:name="android.permission.SCHEDULE_EXACT_ALARM" />
15-->src/main/AndroidManifest.xml:9:5-78
15-->src/main/AndroidManifest.xml:9:22-76
16    <uses-permission android:name="android.permission.WAKE_LOCK" />
16-->[androidx.work:work-runtime:2.9.0] AndroidManifest.xml:23:5-68
16-->[androidx.work:work-runtime:2.9.0] AndroidManifest.xml:23:22-65
17    <uses-permission android:name="android.permission.ACCESS_NETWORK_STATE" />
17-->[androidx.work:work-runtime:2.9.0] AndroidManifest.xml:24:5-79
17-->[androidx.work:work-runtime:2.9.0] AndroidManifest.xml:24:22-76
18    <uses-permission android:name="android.permission.RECEIVE_BOOT_COMPLETED" />
18-->[androidx.work:work-runtime:2.9.0] AndroidManifest.xml:25:5-81
18-->[androidx.work:work-runtime:2.9.0] AndroidManifest.xml:25:22-78
19    <uses-permission android:name="android.permission.FOREGROUND_SERVICE" />
19-->[androidx.work:work-runtime:2.9.0] AndroidManifest.xml:26:5-77
19-->[androidx.work:work-runtime:2.9.0] AndroidManifest.xml:26:22-74
20
21    <permission
21-->[androidx.core:core:1.12.0] AndroidManifest.xml:22:5-24:47
22        android:name="com.example.mealtracker.DYNAMIC_RECEIVER_NOT_EXPORTED_PERMISSION"
22-->[androidx.core:core:1.12.0] AndroidManifest.xml:23:9-81
23        android:protectionLevel="signature" />
23-->[androidx.core:core:1.12.0] AndroidManifest.xml:24:9-44
24
25    <uses-permission android:name="com.example.mealtracker.DYNAMIC_RECEIVER_NOT_EXPORTED_PERMISSION" />
25-->[androidx.core:core:1.12.0] AndroidManifest.xml:26:5-97
25-->[androidx.core:core:1.12.0] AndroidManifest.xml:26:22-94
26
27    <application
27-->src/main/AndroidManifest.xml:11:5-73:19
28        android:allowBackup="true"
28-->src/main/AndroidManifest.xml:12:9-35
29        android:appComponentFactory="androidx.core.app.CoreComponentFactory"
29-->[androidx.core:core:1.12.0] AndroidManifest.xml:28:18-86
30        android:dataExtractionRules="@xml/data_extraction_rules"
30-->src/main/AndroidManifest.xml:13:9-65
31        android:debuggable="true"
32        android:extractNativeLibs="false"
33        android:fullBackupContent="@xml/backup_rules"
33-->src/main/AndroidManifest.xml:14:9-54
34        android:icon="@mipmap/ic_launcher"
34-->src/main/AndroidManifest.xml:15:9-43
35        android:label="@string/app_name"
35-->src/main/AndroidManifest.xml:17:9-41
36        android:roundIcon="@mipmap/ic_launcher_round"
36-->src/main/AndroidManifest.xml:16:9-54
37        android:supportsRtl="true"
37-->src/main/AndroidManifest.xml:18:9-35
38        android:testOnly="true"
39        android:theme="@style/Theme.MealTracker" >
39-->src/main/AndroidManifest.xml:19:9-49
40
41        <!-- Daily Dashboard - Main Screen -->
42        <activity
42-->src/main/AndroidManifest.xml:22:9-30:20
43            android:name="com.example.mealtracker.DailyDashboardActivity"
43-->src/main/AndroidManifest.xml:23:13-51
44            android:exported="true" >
44-->src/main/AndroidManifest.xml:24:13-36
45            <intent-filter>
45-->src/main/AndroidManifest.xml:25:13-29:29
46                <action android:name="android.intent.action.MAIN" />
46-->src/main/AndroidManifest.xml:26:17-69
46-->src/main/AndroidManifest.xml:26:25-66
47
48                <category android:name="android.intent.category.LAUNCHER" />
48-->src/main/AndroidManifest.xml:28:17-77
48-->src/main/AndroidManifest.xml:28:27-74
49            </intent-filter>
50        </activity>
51
52        <!-- Add Meal Screen -->
53        <activity
53-->src/main/AndroidManifest.xml:33:9-35:40
54            android:name="com.example.mealtracker.MainActivity"
54-->src/main/AndroidManifest.xml:34:13-41
55            android:exported="false" />
55-->src/main/AndroidManifest.xml:35:13-37
56
57        <!-- Weekly Summary Screen -->
58        <activity
58-->src/main/AndroidManifest.xml:38:9-40:40
59            android:name="com.example.mealtracker.WeeklySummaryActivity"
59-->src/main/AndroidManifest.xml:39:13-50
60            android:exported="false" />
60-->src/main/AndroidManifest.xml:40:13-37
61
62        <!-- Monthly Summary Screen -->
63        <activity
63-->src/main/AndroidManifest.xml:43:9-45:40
64            android:name="com.example.mealtracker.MonthlySummaryActivity"
64-->src/main/AndroidManifest.xml:44:13-51
65            android:exported="false" />
65-->src/main/AndroidManifest.xml:45:13-37
66
67        <!-- Settings Screen -->
68        <activity
68-->src/main/AndroidManifest.xml:48:9-50:40
69            android:name="com.example.mealtracker.SettingsActivity"
69-->src/main/AndroidManifest.xml:49:13-45
70            android:exported="false" />
70-->src/main/AndroidManifest.xml:50:13-37
71
72        <!-- Goals Screen -->
73        <activity
73-->src/main/AndroidManifest.xml:53:9-55:40
74            android:name="com.example.mealtracker.GoalsActivity"
74-->src/main/AndroidManifest.xml:54:13-42
75            android:exported="false" />
75-->src/main/AndroidManifest.xml:55:13-37
76
77        <!-- Backup & Restore Screen -->
78        <activity
78-->src/main/AndroidManifest.xml:58:9-60:40
79            android:name="com.example.mealtracker.BackupRestoreActivity"
79-->src/main/AndroidManifest.xml:59:13-50
80            android:exported="false" />
80-->src/main/AndroidManifest.xml:60:13-37
81
82        <!-- Meal Widget -->
83        <receiver
83-->src/main/AndroidManifest.xml:63:9-72:20
84            android:name="com.example.mealtracker.widget.MealWidgetProvider"
84-->src/main/AndroidManifest.xml:64:13-54
85            android:exported="true" >
85-->src/main/AndroidManifest.xml:65:13-36
86            <intent-filter>
86-->src/main/AndroidManifest.xml:66:13-68:29
87                <action android:name="android.appwidget.action.APPWIDGET_UPDATE" />
87-->src/main/AndroidManifest.xml:67:17-84
87-->src/main/AndroidManifest.xml:67:25-81
88            </intent-filter>
89
90            <meta-data
90-->src/main/AndroidManifest.xml:69:13-71:60
91                android:name="android.appwidget.provider"
91-->src/main/AndroidManifest.xml:70:17-58
92                android:resource="@xml/meal_widget_info" />
92-->src/main/AndroidManifest.xml:71:17-57
93        </receiver>
94
95        <activity
95-->[androidx.glance:glance-appwidget:1.0.0] AndroidManifest.xml:23:9-27:40
96            android:name="androidx.glance.appwidget.action.ActionTrampolineActivity"
96-->[androidx.glance:glance-appwidget:1.0.0] AndroidManifest.xml:24:13-85
97            android:enabled="true"
97-->[androidx.glance:glance-appwidget:1.0.0] AndroidManifest.xml:25:13-35
98            android:excludeFromRecents="true"
98-->[androidx.glance:glance-appwidget:1.0.0] AndroidManifest.xml:26:13-46
99            android:exported="false" />
99-->[androidx.glance:glance-appwidget:1.0.0] AndroidManifest.xml:27:13-37
100        <activity
100-->[androidx.glance:glance-appwidget:1.0.0] AndroidManifest.xml:28:9-35:81
101            android:name="androidx.glance.appwidget.action.InvisibleActionTrampolineActivity"
101-->[androidx.glance:glance-appwidget:1.0.0] AndroidManifest.xml:29:13-94
102            android:enabled="true"
102-->[androidx.glance:glance-appwidget:1.0.0] AndroidManifest.xml:30:13-35
103            android:exported="false"
103-->[androidx.glance:glance-appwidget:1.0.0] AndroidManifest.xml:31:13-37
104            android:launchMode="singleInstance"
104-->[androidx.glance:glance-appwidget:1.0.0] AndroidManifest.xml:32:13-48
105            android:noHistory="true"
105-->[androidx.glance:glance-appwidget:1.0.0] AndroidManifest.xml:33:13-37
106            android:taskAffinity="androidx.glance.appwidget.ListAdapterCallbackTrampoline"
106-->[androidx.glance:glance-appwidget:1.0.0] AndroidManifest.xml:34:13-91
107            android:theme="@style/Widget.Glance.AppWidget.CallbackTrampoline" />
107-->[androidx.glance:glance-appwidget:1.0.0] AndroidManifest.xml:35:13-78
108
109        <receiver
109-->[androidx.glance:glance-appwidget:1.0.0] AndroidManifest.xml:37:9-40:40
110            android:name="androidx.glance.appwidget.action.ActionCallbackBroadcastReceiver"
110-->[androidx.glance:glance-appwidget:1.0.0] AndroidManifest.xml:38:13-92
111            android:enabled="true"
111-->[androidx.glance:glance-appwidget:1.0.0] AndroidManifest.xml:39:13-35
112            android:exported="false" />
112-->[androidx.glance:glance-appwidget:1.0.0] AndroidManifest.xml:40:13-37
113        <receiver
113-->[androidx.glance:glance-appwidget:1.0.0] AndroidManifest.xml:41:9-48:20
114            android:name="androidx.glance.appwidget.MyPackageReplacedReceiver"
114-->[androidx.glance:glance-appwidget:1.0.0] AndroidManifest.xml:42:13-79
115            android:enabled="true"
115-->[androidx.glance:glance-appwidget:1.0.0] AndroidManifest.xml:43:13-35
116            android:exported="false" >
116-->[androidx.glance:glance-appwidget:1.0.0] AndroidManifest.xml:44:13-37
117            <intent-filter>
117-->[androidx.glance:glance-appwidget:1.0.0] AndroidManifest.xml:45:13-47:29
118                <action android:name="android.intent.action.MY_PACKAGE_REPLACED" />
118-->[androidx.glance:glance-appwidget:1.0.0] AndroidManifest.xml:46:17-84
118-->[androidx.glance:glance-appwidget:1.0.0] AndroidManifest.xml:46:25-81
119            </intent-filter>
120        </receiver>
121
122        <service
122-->[androidx.glance:glance-appwidget:1.0.0] AndroidManifest.xml:50:9-53:72
123            android:name="androidx.glance.appwidget.GlanceRemoteViewsService"
123-->[androidx.glance:glance-appwidget:1.0.0] AndroidManifest.xml:51:13-78
124            android:exported="true"
124-->[androidx.glance:glance-appwidget:1.0.0] AndroidManifest.xml:52:13-36
125            android:permission="android.permission.BIND_REMOTEVIEWS" />
125-->[androidx.glance:glance-appwidget:1.0.0] AndroidManifest.xml:53:13-69
126
127        <provider
127-->[androidx.emoji2:emoji2:1.2.0] AndroidManifest.xml:24:9-32:20
128            android:name="androidx.startup.InitializationProvider"
128-->[androidx.emoji2:emoji2:1.2.0] AndroidManifest.xml:25:13-67
129            android:authorities="com.example.mealtracker.androidx-startup"
129-->[androidx.emoji2:emoji2:1.2.0] AndroidManifest.xml:26:13-68
130            android:exported="false" >
130-->[androidx.emoji2:emoji2:1.2.0] AndroidManifest.xml:27:13-37
131            <meta-data
131-->[androidx.emoji2:emoji2:1.2.0] AndroidManifest.xml:29:13-31:52
132                android:name="androidx.emoji2.text.EmojiCompatInitializer"
132-->[androidx.emoji2:emoji2:1.2.0] AndroidManifest.xml:30:17-75
133                android:value="androidx.startup" />
133-->[androidx.emoji2:emoji2:1.2.0] AndroidManifest.xml:31:17-49
134            <meta-data
134-->[androidx.work:work-runtime:2.9.0] AndroidManifest.xml:34:13-36:52
135                android:name="androidx.work.WorkManagerInitializer"
135-->[androidx.work:work-runtime:2.9.0] AndroidManifest.xml:35:17-68
136                android:value="androidx.startup" />
136-->[androidx.work:work-runtime:2.9.0] AndroidManifest.xml:36:17-49
137            <meta-data
137-->[androidx.lifecycle:lifecycle-process:2.7.0] AndroidManifest.xml:29:13-31:52
138                android:name="androidx.lifecycle.ProcessLifecycleInitializer"
138-->[androidx.lifecycle:lifecycle-process:2.7.0] AndroidManifest.xml:30:17-78
139                android:value="androidx.startup" />
139-->[androidx.lifecycle:lifecycle-process:2.7.0] AndroidManifest.xml:31:17-49
140            <meta-data
140-->[androidx.profileinstaller:profileinstaller:1.3.0] AndroidManifest.xml:29:13-31:52
141                android:name="androidx.profileinstaller.ProfileInstallerInitializer"
141-->[androidx.profileinstaller:profileinstaller:1.3.0] AndroidManifest.xml:30:17-85
142                android:value="androidx.startup" />
142-->[androidx.profileinstaller:profileinstaller:1.3.0] AndroidManifest.xml:31:17-49
143        </provider>
144
145        <service
145-->[androidx.work:work-runtime:2.9.0] AndroidManifest.xml:39:9-45:35
146            android:name="androidx.work.impl.background.systemalarm.SystemAlarmService"
146-->[androidx.work:work-runtime:2.9.0] AndroidManifest.xml:40:13-88
147            android:directBootAware="false"
147-->[androidx.work:work-runtime:2.9.0] AndroidManifest.xml:41:13-44
148            android:enabled="@bool/enable_system_alarm_service_default"
148-->[androidx.work:work-runtime:2.9.0] AndroidManifest.xml:42:13-72
149            android:exported="false" />
149-->[androidx.work:work-runtime:2.9.0] AndroidManifest.xml:43:13-37
150        <service
150-->[androidx.work:work-runtime:2.9.0] AndroidManifest.xml:46:9-52:35
151            android:name="androidx.work.impl.background.systemjob.SystemJobService"
151-->[androidx.work:work-runtime:2.9.0] AndroidManifest.xml:47:13-84
152            android:directBootAware="false"
152-->[androidx.work:work-runtime:2.9.0] AndroidManifest.xml:48:13-44
153            android:enabled="@bool/enable_system_job_service_default"
153-->[androidx.work:work-runtime:2.9.0] AndroidManifest.xml:49:13-70
154            android:exported="true"
154-->[androidx.work:work-runtime:2.9.0] AndroidManifest.xml:50:13-36
155            android:permission="android.permission.BIND_JOB_SERVICE" />
155-->[androidx.work:work-runtime:2.9.0] AndroidManifest.xml:51:13-69
156        <service
156-->[androidx.work:work-runtime:2.9.0] AndroidManifest.xml:53:9-59:35
157            android:name="androidx.work.impl.foreground.SystemForegroundService"
157-->[androidx.work:work-runtime:2.9.0] AndroidManifest.xml:54:13-81
158            android:directBootAware="false"
158-->[androidx.work:work-runtime:2.9.0] AndroidManifest.xml:55:13-44
159            android:enabled="@bool/enable_system_foreground_service_default"
159-->[androidx.work:work-runtime:2.9.0] AndroidManifest.xml:56:13-77
160            android:exported="false" />
160-->[androidx.work:work-runtime:2.9.0] AndroidManifest.xml:57:13-37
161
162        <receiver
162-->[androidx.work:work-runtime:2.9.0] AndroidManifest.xml:61:9-66:35
163            android:name="androidx.work.impl.utils.ForceStopRunnable$BroadcastReceiver"
163-->[androidx.work:work-runtime:2.9.0] AndroidManifest.xml:62:13-88
164            android:directBootAware="false"
164-->[androidx.work:work-runtime:2.9.0] AndroidManifest.xml:63:13-44
165            android:enabled="true"
165-->[androidx.work:work-runtime:2.9.0] AndroidManifest.xml:64:13-35
166            android:exported="false" />
166-->[androidx.work:work-runtime:2.9.0] AndroidManifest.xml:65:13-37
167        <receiver
167-->[androidx.work:work-runtime:2.9.0] AndroidManifest.xml:67:9-77:20
168            android:name="androidx.work.impl.background.systemalarm.ConstraintProxy$BatteryChargingProxy"
168-->[androidx.work:work-runtime:2.9.0] AndroidManifest.xml:68:13-106
169            android:directBootAware="false"
169-->[androidx.work:work-runtime:2.9.0] AndroidManifest.xml:69:13-44
170            android:enabled="false"
170-->[androidx.work:work-runtime:2.9.0] AndroidManifest.xml:70:13-36
171            android:exported="false" >
171-->[androidx.work:work-runtime:2.9.0] AndroidManifest.xml:71:13-37
172            <intent-filter>
172-->[androidx.work:work-runtime:2.9.0] AndroidManifest.xml:73:13-76:29
173                <action android:name="android.intent.action.ACTION_POWER_CONNECTED" />
173-->[androidx.work:work-runtime:2.9.0] AndroidManifest.xml:74:17-87
173-->[androidx.work:work-runtime:2.9.0] AndroidManifest.xml:74:25-84
174                <action android:name="android.intent.action.ACTION_POWER_DISCONNECTED" />
174-->[androidx.work:work-runtime:2.9.0] AndroidManifest.xml:75:17-90
174-->[androidx.work:work-runtime:2.9.0] AndroidManifest.xml:75:25-87
175            </intent-filter>
176        </receiver>
177        <receiver
177-->[androidx.work:work-runtime:2.9.0] AndroidManifest.xml:78:9-88:20
178            android:name="androidx.work.impl.background.systemalarm.ConstraintProxy$BatteryNotLowProxy"
178-->[androidx.work:work-runtime:2.9.0] AndroidManifest.xml:79:13-104
179            android:directBootAware="false"
179-->[androidx.work:work-runtime:2.9.0] AndroidManifest.xml:80:13-44
180            android:enabled="false"
180-->[androidx.work:work-runtime:2.9.0] AndroidManifest.xml:81:13-36
181            android:exported="false" >
181-->[androidx.work:work-runtime:2.9.0] AndroidManifest.xml:82:13-37
182            <intent-filter>
182-->[androidx.work:work-runtime:2.9.0] AndroidManifest.xml:84:13-87:29
183                <action android:name="android.intent.action.BATTERY_OKAY" />
183-->[androidx.work:work-runtime:2.9.0] AndroidManifest.xml:85:17-77
183-->[androidx.work:work-runtime:2.9.0] AndroidManifest.xml:85:25-74
184                <action android:name="android.intent.action.BATTERY_LOW" />
184-->[androidx.work:work-runtime:2.9.0] AndroidManifest.xml:86:17-76
184-->[androidx.work:work-runtime:2.9.0] AndroidManifest.xml:86:25-73
185            </intent-filter>
186        </receiver>
187        <receiver
187-->[androidx.work:work-runtime:2.9.0] AndroidManifest.xml:89:9-99:20
188            android:name="androidx.work.impl.background.systemalarm.ConstraintProxy$StorageNotLowProxy"
188-->[androidx.work:work-runtime:2.9.0] AndroidManifest.xml:90:13-104
189            android:directBootAware="false"
189-->[androidx.work:work-runtime:2.9.0] AndroidManifest.xml:91:13-44
190            android:enabled="false"
190-->[androidx.work:work-runtime:2.9.0] AndroidManifest.xml:92:13-36
191            android:exported="false" >
191-->[androidx.work:work-runtime:2.9.0] AndroidManifest.xml:93:13-37
192            <intent-filter>
192-->[androidx.work:work-runtime:2.9.0] AndroidManifest.xml:95:13-98:29
193                <action android:name="android.intent.action.DEVICE_STORAGE_LOW" />
193-->[androidx.work:work-runtime:2.9.0] AndroidManifest.xml:96:17-83
193-->[androidx.work:work-runtime:2.9.0] AndroidManifest.xml:96:25-80
194                <action android:name="android.intent.action.DEVICE_STORAGE_OK" />
194-->[androidx.work:work-runtime:2.9.0] AndroidManifest.xml:97:17-82
194-->[androidx.work:work-runtime:2.9.0] AndroidManifest.xml:97:25-79
195            </intent-filter>
196        </receiver>
197        <receiver
197-->[androidx.work:work-runtime:2.9.0] AndroidManifest.xml:100:9-109:20
198            android:name="androidx.work.impl.background.systemalarm.ConstraintProxy$NetworkStateProxy"
198-->[androidx.work:work-runtime:2.9.0] AndroidManifest.xml:101:13-103
199            android:directBootAware="false"
199-->[androidx.work:work-runtime:2.9.0] AndroidManifest.xml:102:13-44
200            android:enabled="false"
200-->[androidx.work:work-runtime:2.9.0] AndroidManifest.xml:103:13-36
201            android:exported="false" >
201-->[androidx.work:work-runtime:2.9.0] AndroidManifest.xml:104:13-37
202            <intent-filter>
202-->[androidx.work:work-runtime:2.9.0] AndroidManifest.xml:106:13-108:29
203                <action android:name="android.net.conn.CONNECTIVITY_CHANGE" />
203-->[androidx.work:work-runtime:2.9.0] AndroidManifest.xml:107:17-79
203-->[androidx.work:work-runtime:2.9.0] AndroidManifest.xml:107:25-76
204            </intent-filter>
205        </receiver>
206        <receiver
206-->[androidx.work:work-runtime:2.9.0] AndroidManifest.xml:110:9-121:20
207            android:name="androidx.work.impl.background.systemalarm.RescheduleReceiver"
207-->[androidx.work:work-runtime:2.9.0] AndroidManifest.xml:111:13-88
208            android:directBootAware="false"
208-->[androidx.work:work-runtime:2.9.0] AndroidManifest.xml:112:13-44
209            android:enabled="false"
209-->[androidx.work:work-runtime:2.9.0] AndroidManifest.xml:113:13-36
210            android:exported="false" >
210-->[androidx.work:work-runtime:2.9.0] AndroidManifest.xml:114:13-37
211            <intent-filter>
211-->[androidx.work:work-runtime:2.9.0] AndroidManifest.xml:116:13-120:29
212                <action android:name="android.intent.action.BOOT_COMPLETED" />
212-->[androidx.work:work-runtime:2.9.0] AndroidManifest.xml:117:17-79
212-->[androidx.work:work-runtime:2.9.0] AndroidManifest.xml:117:25-76
213                <action android:name="android.intent.action.TIME_SET" />
213-->[androidx.work:work-runtime:2.9.0] AndroidManifest.xml:118:17-73
213-->[androidx.work:work-runtime:2.9.0] AndroidManifest.xml:118:25-70
214                <action android:name="android.intent.action.TIMEZONE_CHANGED" />
214-->[androidx.work:work-runtime:2.9.0] AndroidManifest.xml:119:17-81
214-->[androidx.work:work-runtime:2.9.0] AndroidManifest.xml:119:25-78
215            </intent-filter>
216        </receiver>
217        <receiver
217-->[androidx.work:work-runtime:2.9.0] AndroidManifest.xml:122:9-131:20
218            android:name="androidx.work.impl.background.systemalarm.ConstraintProxyUpdateReceiver"
218-->[androidx.work:work-runtime:2.9.0] AndroidManifest.xml:123:13-99
219            android:directBootAware="false"
219-->[androidx.work:work-runtime:2.9.0] AndroidManifest.xml:124:13-44
220            android:enabled="@bool/enable_system_alarm_service_default"
220-->[androidx.work:work-runtime:2.9.0] AndroidManifest.xml:125:13-72
221            android:exported="false" >
221-->[androidx.work:work-runtime:2.9.0] AndroidManifest.xml:126:13-37
222            <intent-filter>
222-->[androidx.work:work-runtime:2.9.0] AndroidManifest.xml:128:13-130:29
223                <action android:name="androidx.work.impl.background.systemalarm.UpdateProxies" />
223-->[androidx.work:work-runtime:2.9.0] AndroidManifest.xml:129:17-98
223-->[androidx.work:work-runtime:2.9.0] AndroidManifest.xml:129:25-95
224            </intent-filter>
225        </receiver>
226        <receiver
226-->[androidx.work:work-runtime:2.9.0] AndroidManifest.xml:132:9-142:20
227            android:name="androidx.work.impl.diagnostics.DiagnosticsReceiver"
227-->[androidx.work:work-runtime:2.9.0] AndroidManifest.xml:133:13-78
228            android:directBootAware="false"
228-->[androidx.work:work-runtime:2.9.0] AndroidManifest.xml:134:13-44
229            android:enabled="true"
229-->[androidx.work:work-runtime:2.9.0] AndroidManifest.xml:135:13-35
230            android:exported="true"
230-->[androidx.work:work-runtime:2.9.0] AndroidManifest.xml:136:13-36
231            android:permission="android.permission.DUMP" >
231-->[androidx.work:work-runtime:2.9.0] AndroidManifest.xml:137:13-57
232            <intent-filter>
232-->[androidx.work:work-runtime:2.9.0] AndroidManifest.xml:139:13-141:29
233                <action android:name="androidx.work.diagnostics.REQUEST_DIAGNOSTICS" />
233-->[androidx.work:work-runtime:2.9.0] AndroidManifest.xml:140:17-88
233-->[androidx.work:work-runtime:2.9.0] AndroidManifest.xml:140:25-85
234            </intent-filter>
235        </receiver>
236
237        <service
237-->[androidx.core:core-remoteviews:1.0.0] AndroidManifest.xml:24:9-27:63
238            android:name="androidx.core.widget.RemoteViewsCompatService"
238-->[androidx.core:core-remoteviews:1.0.0] AndroidManifest.xml:25:13-73
239            android:permission="android.permission.BIND_REMOTEVIEWS" />
239-->[androidx.core:core-remoteviews:1.0.0] AndroidManifest.xml:26:13-69
240        <service
240-->[androidx.room:room-runtime:2.6.1] AndroidManifest.xml:24:9-28:63
241            android:name="androidx.room.MultiInstanceInvalidationService"
241-->[androidx.room:room-runtime:2.6.1] AndroidManifest.xml:25:13-74
242            android:directBootAware="true"
242-->[androidx.room:room-runtime:2.6.1] AndroidManifest.xml:26:13-43
243            android:exported="false" />
243-->[androidx.room:room-runtime:2.6.1] AndroidManifest.xml:27:13-37
244
245        <receiver
245-->[androidx.profileinstaller:profileinstaller:1.3.0] AndroidManifest.xml:34:9-52:20
246            android:name="androidx.profileinstaller.ProfileInstallReceiver"
246-->[androidx.profileinstaller:profileinstaller:1.3.0] AndroidManifest.xml:35:13-76
247            android:directBootAware="false"
247-->[androidx.profileinstaller:profileinstaller:1.3.0] AndroidManifest.xml:36:13-44
248            android:enabled="true"
248-->[androidx.profileinstaller:profileinstaller:1.3.0] AndroidManifest.xml:37:13-35
249            android:exported="true"
249-->[androidx.profileinstaller:profileinstaller:1.3.0] AndroidManifest.xml:38:13-36
250            android:permission="android.permission.DUMP" >
250-->[androidx.profileinstaller:profileinstaller:1.3.0] AndroidManifest.xml:39:13-57
251            <intent-filter>
251-->[androidx.profileinstaller:profileinstaller:1.3.0] AndroidManifest.xml:40:13-42:29
252                <action android:name="androidx.profileinstaller.action.INSTALL_PROFILE" />
252-->[androidx.profileinstaller:profileinstaller:1.3.0] AndroidManifest.xml:41:17-91
252-->[androidx.profileinstaller:profileinstaller:1.3.0] AndroidManifest.xml:41:25-88
253            </intent-filter>
254            <intent-filter>
254-->[androidx.profileinstaller:profileinstaller:1.3.0] AndroidManifest.xml:43:13-45:29
255                <action android:name="androidx.profileinstaller.action.SKIP_FILE" />
255-->[androidx.profileinstaller:profileinstaller:1.3.0] AndroidManifest.xml:44:17-85
255-->[androidx.profileinstaller:profileinstaller:1.3.0] AndroidManifest.xml:44:25-82
256            </intent-filter>
257            <intent-filter>
257-->[androidx.profileinstaller:profileinstaller:1.3.0] AndroidManifest.xml:46:13-48:29
258                <action android:name="androidx.profileinstaller.action.SAVE_PROFILE" />
258-->[androidx.profileinstaller:profileinstaller:1.3.0] AndroidManifest.xml:47:17-88
258-->[androidx.profileinstaller:profileinstaller:1.3.0] AndroidManifest.xml:47:25-85
259            </intent-filter>
260            <intent-filter>
260-->[androidx.profileinstaller:profileinstaller:1.3.0] AndroidManifest.xml:49:13-51:29
261                <action android:name="androidx.profileinstaller.action.BENCHMARK_OPERATION" />
261-->[androidx.profileinstaller:profileinstaller:1.3.0] AndroidManifest.xml:50:17-95
261-->[androidx.profileinstaller:profileinstaller:1.3.0] AndroidManifest.xml:50:25-92
262            </intent-filter>
263        </receiver>
264    </application>
265
266</manifest>